2020-11-15 05:41:23,405 [main] INFO QA-Testing - *******> As a user i can enter the url <*******
2020-11-15 05:41:23,413 [main] INFO QA-Testing - *******> As a user i can enter the username <*******
2020-11-15 05:41:23,627 [main] INFO QA-Testing - *******> As a user i can enter the password <*******
2020-11-15 05:41:23,852 [main] INFO QA-Testing - *******> As a user i can click on login button <*******
2020-11-15 05:41:26,855 [main] INFO QA-Testing - *******> As a user i can verify the homepage <*******
2020-11-15 05:41:26,911 [main] INFO QA-Testing - *******> As a user i can logout the application <*******
2020-11-15 05:41:27,998 [main] INFO QA-Testing - *******> As a user i can verify the login title <*******
2020-11-15 05:41:28,875 [main] INFO QA-Testing - *******> As a user i can open any browser <*******
2020-11-15 05:41:36,024 [main] INFO QA-Testing - *******> As a user i can enter the url <*******
2020-11-15 05:41:36,026 [main] INFO QA-Testing - *******> As a user i can enter the username <*******
2020-11-15 05:41:36,250 [main] INFO QA-Testing - *******> As a user i can enter the password <*******
2020-11-15 05:41:36,410 [main] INFO QA-Testing - *******> As a user i can click on login button <*******
2020-11-15 05:41:39,426 [main] INFO QA-Testing - *******> As a user i can verify the homepage <*******
2020-11-15 05:41:39,501 [main] INFO QA-Testing - *******> As a user i can logout the application <*******
2020-11-15 05:41:40,617 [main] INFO QA-Testing - *******> As a user i can verify the login title <*******
2020-11-15 17:46:10,377 [main] INFO QA-Testing - *******> As a user i can enter the url <*******
2020-11-15 17:46:10,425 [main] INFO QA-Testing - *******> As a user i can enter the username <*******
2020-11-15 17:46:10,646 [main] INFO QA-Testing - *******> As a user i can enter the password <*******
2020-11-15 17:46:10,799 [main] INFO QA-Testing - *******> As a user i can click on login button <*******
2020-11-15 17:46:26,683 [main] INFO QA-Testing - *******> As a user i can verify the homepage <*******
2020-11-15 17:46:26,733 [main] INFO QA-Testing - *******> As a user i can logout the application <*******
2020-11-15 17:46:28,341 [main] INFO QA-Testing - *******> As a user i can verify the login title <*******
2020-11-15 17:46:29,141 [main] INFO QA-Testing - *******> As a user i can open any browser <*******
2020-11-15 17:46:37,017 [main] INFO QA-Testing - *******> As a user i can enter the url <*******
2020-11-15 17:46:37,021 [main] INFO QA-Testing - *******> As a user i can enter the username <*******
2020-11-15 17:46:37,205 [main] INFO QA-Testing - *******> As a user i can enter the password <*******
2020-11-15 17:46:37,321 [main] INFO QA-Testing - *******> As a user i can click on login button <*******
2020-11-15 17:46:40,701 [main] INFO QA-Testing - *******> As a user i can verify the homepage <*******
2020-11-15 17:46:40,759 [main] INFO QA-Testing - *******> As a user i can logout the application <*******
2020-11-15 17:46:41,932 [main] INFO QA-Testing - *******> As a user i can verify the login title <*******
2020-11-15 17:50:59,029 [main] INFO QA-Testing - *******> As a user i can enter the url <*******
2020-11-15 17:50:59,046 [main] INFO QA-Testing - *******> As a user i can enter the username <*******
2020-11-15 17:50:59,294 [main] INFO QA-Testing - *******> As a user i can enter the password <*******
2020-11-15 17:50:59,455 [main] INFO QA-Testing - *******> As a user i can click on login button <*******
2020-11-15 17:51:06,245 [main] INFO QA-Testing - *******> As a user i can verify the homepage <*******
2020-11-15 17:51:06,293 [main] INFO QA-Testing - *******> As a user i can logout the application <*******
2020-11-15 17:51:07,336 [main] INFO QA-Testing - *******> As a user i can verify the login title <*******
2020-11-15 17:51:08,684 [main] INFO QA-Testing - *******> As a user i can open any browser <*******
2020-11-15 17:51:17,203 [main] INFO QA-Testing - *******> As a user i can enter the url <*******
2020-11-15 17:51:17,213 [main] INFO QA-Testing - *******> As a user i can enter the username <*******
2020-11-15 17:51:17,383 [main] INFO QA-Testing - *******> As a user i can enter the password <*******
2020-11-15 17:51:17,503 [main] INFO QA-Testing - *******> As a user i can click on login button <*******
2020-11-15 17:51:21,384 [main] INFO QA-Testing - *******> As a user i can verify the homepage <*******
2020-11-15 17:51:21,423 [main] INFO QA-Testing - *******> As a user i can logout the application <*******
2020-11-15 17:51:22,582 [main] INFO QA-Testing - *******> As a user i can verify the login title <*******
2020-11-15 17:53:23,447 [main] INFO QA-Testing - *******> As a user i can enter the url <*******
2020-11-15 17:53:23,456 [main] INFO QA-Testing - *******> As a user i can enter the username <*******
2020-11-15 17:53:23,621 [main] INFO QA-Testing - *******> As a user i can enter the password <*******
2020-11-15 17:53:23,735 [main] INFO QA-Testing - *******> As a user i can click on login button <*******
2020-11-15 17:53:29,163 [main] INFO QA-Testing - *******> As a user i can verify the homepage <*******
2020-11-15 17:53:29,220 [main] INFO QA-Testing - *******> As a user i can logout the application <*******
2020-11-15 17:53:30,287 [main] INFO QA-Testing - *******> As a user i can verify the login title <*******
2020-11-15 17:53:31,210 [main] INFO QA-Testing - *******> As a user i can open any browser <*******
2020-11-15 17:53:39,597 [main] INFO QA-Testing - *******> As a user i can enter the url <*******
2020-11-15 17:53:39,598 [main] INFO QA-Testing - *******> As a user i can enter the username <*******
2020-11-15 17:53:39,854 [main] INFO QA-Testing - *******> As a user i can enter the password <*******
2020-11-15 17:53:40,038 [main] INFO QA-Testing - *******> As a user i can click on login button <*******
2020-11-15 17:53:42,801 [main] INFO QA-Testing - *******> As a user i can verify the homepage <*******
2020-11-15 17:53:42,847 [main] INFO QA-Testing - *******> As a user i can logout the application <*******
2020-11-15 17:53:43,812 [main] INFO QA-Testing - *******> As a user i can verify the login title <*******
2020-11-15 18:50:25,692 [main] INFO QA-Testing - *******> As a user i can open any browser <*******
2020-11-15 18:50:34,291 [main] INFO QA-Testing - *******> As a user i can enter the url <*******
2020-11-15 18:50:34,294 [main] INFO QA-Testing - *******> As a user i can enter the username <*******
2020-11-15 18:50:34,513 [main] INFO QA-Testing - *******> As a user i can enter the password <*******
2020-11-15 18:50:34,682 [main] INFO QA-Testing - *******> As a user i can click on login button <*******
2020-11-15 18:50:48,376 [main] INFO QA-Testing - *******> As a user i can verify the homepage <*******
2020-11-15 18:50:48,431 [main] INFO QA-Testing - *******> As a user i can logout the application <*******
2020-11-15 18:50:49,904 [main] INFO QA-Testing - *******> As a user i can verify the login title <*******
2020-11-15 18:50:50,708 [main] INFO QA-Testing - *******> As a user i can open any browser <*******
2020-11-15 18:50:58,625 [main] INFO QA-Testing - *******> As a user i can enter the url <*******
2020-11-15 18:50:58,627 [main] INFO QA-Testing - *******> As a user i can enter the username <*******
2020-11-15 18:50:58,849 [main] INFO QA-Testing - *******> As a user i can enter the password <*******
2020-11-15 18:50:59,011 [main] INFO QA-Testing - *******> As a user i can click on login button <*******
2020-11-15 18:51:02,169 [main] INFO QA-Testing - *******> As a user i can verify the homepage <*******
2020-11-15 18:51:02,338 [main] INFO QA-Testing - *******> As a user i can logout the application <*******
2020-11-15 18:51:03,850 [main] INFO QA-Testing - *******> As a user i can verify the login title <*******
2020-11-15 18:52:21,627 [main] INFO QA-Testing - *******> As a user i can open any browser <*******
2020-11-15 18:52:30,065 [main] INFO QA-Testing - *******> As a user i can enter the url <*******
2020-11-15 18:52:30,071 [main] INFO QA-Testing - *******> As a user i can enter the username <*******
2020-11-15 18:52:30,296 [main] INFO QA-Testing - *******> As a user i can enter the password <*******
2020-11-15 18:52:30,479 [main] INFO QA-Testing - *******> As a user i can click on login button <*******
2020-11-15 18:52:33,823 [main] INFO QA-Testing - *******> As a user i can verify the homepage <*******
2020-11-15 18:52:33,944 [main] INFO QA-Testing - *******> As a user i can logout the application <*******
2020-11-15 18:52:35,493 [main] INFO QA-Testing - *******> As a user i can verify the login title <*******
2020-11-15 18:52:36,295 [main] INFO QA-Testing - *******> As a user i can open any browser <*******
2020-11-15 18:52:43,685 [main] INFO QA-Testing - *******> As a user i can enter the url <*******
2020-11-15 18:52:43,687 [main] INFO QA-Testing - *******> As a user i can enter the username <*******
2020-11-15 18:52:43,904 [main] INFO QA-Testing - *******> As a user i can enter the password <*******
2020-11-15 18:52:44,075 [main] INFO QA-Testing - *******> As a user i can click on login button <*******
2020-11-15 18:52:46,892 [main] INFO QA-Testing - *******> As a user i can verify the homepage <*******
2020-11-15 18:52:46,961 [main] INFO QA-Testing - *******> As a user i can logout the application <*******
2020-11-15 18:52:48,206 [main] INFO QA-Testing - *******> As a user i can verify the login title <*******
2020-11-15 18:53:28,046 [main] INFO QA-Testing - *******> As a user i can open any browser <*******
2020-11-15 18:53:38,316 [main] INFO QA-Testing - *******> As a user i can enter the url <*******
2020-11-15 18:53:38,318 [main] INFO QA-Testing - *******> As a user i can enter the username <*******
2020-11-15 18:53:38,556 [main] INFO QA-Testing - *******> As a user i can enter the password <*******
2020-11-15 18:53:38,740 [main] INFO QA-Testing - *******> As a user i can click on login button <*******
2020-11-15 18:53:42,284 [main] INFO QA-Testing - *******> As a user i can verify the homepage <*******
2020-11-15 18:53:42,410 [main] INFO QA-Testing - *******> As a user i can logout the application <*******
2020-11-15 18:53:43,904 [main] INFO QA-Testing - *******> As a user i can verify the login title <*******
2020-11-15 18:53:44,670 [main] INFO QA-Testing - *******> As a user i can open any browser <*******
2020-11-15 18:53:52,459 [main] INFO QA-Testing - *******> As a user i can enter the url <*******
2020-11-15 18:53:52,461 [main] INFO QA-Testing - *******> As a user i can enter the username <*******
2020-11-15 18:53:52,676 [main] INFO QA-Testing - *******> As a user i can enter the password <*******
2020-11-15 18:53:52,838 [main] INFO QA-Testing - *******> As a user i can click on login button <*******
2020-11-15 18:53:59,823 [main] INFO QA-Testing - *******> As a user i can verify the homepage <*******
2020-11-15 18:53:59,879 [main] INFO QA-Testing - *******> As a user i can logout the application <*******
2020-11-15 18:54:01,573 [main] INFO QA-Testing - *******> As a user i can verify the login title <*******
2020-11-15 18:55:54,148 [main] INFO QA-Testing - *******> As a user i can open any browser <*******
2020-11-15 18:56:02,341 [main] INFO QA-Testing - *******> As a user i can enter the url <*******
2020-11-15 18:56:02,345 [main] INFO QA-Testing - *******> As a user i can enter the username <*******
2020-11-15 18:56:02,562 [main] INFO QA-Testing - *******> As a user i can enter the password <*******
2020-11-15 18:56:02,706 [main] INFO QA-Testing - *******> As a user i can click on login button <*******
2020-11-15 18:56:06,098 [main] INFO QA-Testing - *******> As a user i can verify the homepage <*******
2020-11-15 18:56:06,158 [main] INFO QA-Testing - *******> As a user i can logout the application <*******
2020-11-15 18:56:07,161 [main] INFO QA-Testing - *******> As a user i can verify the login title <*******
2020-11-15 18:56:08,070 [main] INFO QA-Testing - *******> As a user i can open any browser <*******
2020-11-15 18:56:15,566 [main] INFO QA-Testing - *******> As a user i can enter the url <*******
2020-11-15 18:56:15,568 [main] INFO QA-Testing - *******> As a user i can enter the username <*******
2020-11-15 18:56:15,744 [main] INFO QA-Testing - *******> As a user i can enter the password <*******
2020-11-15 18:56:15,937 [main] INFO QA-Testing - *******> As a user i can click on login button <*******
2020-11-15 18:56:18,572 [main] INFO QA-Testing - *******> As a user i can verify the homepage <*******
2020-11-15 18:56:18,625 [main] INFO QA-Testing - *******> As a user i can logout the application <*******
2020-11-15 18:56:20,203 [main] INFO QA-Testing - *******> As a user i can verify the login title <*******
2020-11-15 19:35:52,771 [main] INFO QA-Testing - *******> As a user i can open any browser <*******
2020-11-15 19:36:02,824 [main] INFO QA-Testing - *******> As a user i can enter the url <*******
2020-11-15 19:36:02,827 [main] INFO QA-Testing - *******> As a user i can enter the username <*******
2020-11-15 19:36:03,052 [main] INFO QA-Testing - *******> As a user i can enter the password <*******
2020-11-15 19:36:03,194 [main] INFO QA-Testing - *******> As a user i can click on login button <*******
2020-11-15 19:36:06,866 [main] INFO QA-Testing - *******> As a user i can verify the homepage <*******
2020-11-15 19:36:06,913 [main] INFO QA-Testing - *******> As a user i can logout the application <*******
2020-11-15 19:36:08,412 [main] INFO QA-Testing - *******> As a user i can verify the login title <*******
2020-11-15 19:36:09,207 [main] INFO QA-Testing - *******> As a user i can open any browser <*******
2020-11-15 19:36:17,636 [main] INFO QA-Testing - *******> As a user i can enter the url <*******
2020-11-15 19:36:17,640 [main] INFO QA-Testing - *******> As a user i can enter the username <*******
2020-11-15 19:36:17,829 [main] INFO QA-Testing - *******> As a user i can enter the password <*******
2020-11-15 19:36:17,990 [main] INFO QA-Testing - *******> As a user i can click on login button <*******
2020-11-15 19:36:22,180 [main] INFO QA-Testing - *******> As a user i can verify the homepage <*******
2020-11-15 19:36:22,342 [main] INFO QA-Testing - *******> As a user i can logout the application <*******
2020-11-15 19:36:23,413 [main] INFO QA-Testing - *******> As a user i can verify the login title <*******
2020-11-15 20:16:58,163 [main] INFO QA-Testing - *******> As a user i can open any browser <*******
2020-11-15 20:17:06,899 [main] INFO QA-Testing - *******> As a user i can enter the url <*******
2020-11-15 20:17:06,900 [main] INFO QA-Testing - *******> As a user i can enter the username <*******
2020-11-15 20:17:07,143 [main] INFO QA-Testing - *******> As a user i can enter the password <*******
2020-11-15 20:17:07,298 [main] INFO QA-Testing - *******> As a user i can click on login button <*******
2020-11-15 20:17:11,013 [main] INFO QA-Testing - *******> As a user i can verify the homepage <*******
2020-11-15 20:17:11,129 [main] INFO QA-Testing - *******> As a user i can logout the application <*******
2020-11-15 20:17:12,329 [main] INFO QA-Testing - *******> As a user i can verify the login title <*******
2020-11-15 20:17:13,112 [main] INFO QA-Testing - *******> As a user i can open any browser <*******
2020-11-15 20:17:20,891 [main] INFO QA-Testing - *******> As a user i can enter the url <*******
2020-11-15 20:17:20,893 [main] INFO QA-Testing - *******> As a user i can enter the username <*******
2020-11-15 20:17:21,095 [main] INFO QA-Testing - *******> As a user i can enter the password <*******
2020-11-15 20:17:21,249 [main] INFO QA-Testing - *******> As a user i can click on login button <*******
2020-11-15 20:17:23,637 [main] INFO QA-Testing - *******> As a user i can verify the homepage <*******
2020-11-15 20:17:23,765 [main] INFO QA-Testing - *******> As a user i can logout the application <*******
2020-11-15 20:17:24,813 [main] INFO QA-Testing - *******> As a user i can verify the login title <*******
2020-11-15 20:19:59,905 [main] INFO QA-Testing - *******> As a user i can open any browser <*******
2020-11-15 20:20:08,636 [main] INFO QA-Testing - *******> As a user i can enter the url <*******
2020-11-15 20:20:08,637 [main] INFO QA-Testing - *******> As a user i can enter the username <*******
2020-11-15 20:20:08,833 [main] INFO QA-Testing - *******> As a user i can enter the password <*******
2020-11-15 20:20:08,985 [main] INFO QA-Testing - *******> As a user i can click on login button <*******
2020-11-15 20:20:12,180 [main] INFO QA-Testing - *******> As a user i can verify the homepage <*******
2020-11-15 20:20:12,238 [main] INFO QA-Testing - *******> As a user i can logout the application <*******
2020-11-15 20:20:13,303 [main] INFO QA-Testing - *******> As a user i can verify the login title <*******
2020-11-15 20:20:14,091 [main] INFO QA-Testing - *******> As a user i can open any browser <*******
2020-11-15 20:20:21,493 [main] INFO QA-Testing - *******> As a user i can enter the url <*******
2020-11-15 20:20:21,497 [main] INFO QA-Testing - *******> As a user i can enter the username <*******
2020-11-15 20:20:21,739 [main] INFO QA-Testing - *******> As a user i can enter the password <*******
2020-11-15 20:20:21,937 [main] INFO QA-Testing - *******> As a user i can click on login button <*******
2020-11-15 20:20:25,973 [main] INFO QA-Testing - *******> As a user i can verify the homepage <*******
2020-11-15 20:20:26,187 [main] INFO QA-Testing - *******> As a user i can logout the application <*******
2020-11-15 20:20:27,311 [main] INFO QA-Testing - *******> As a user i can verify the login title <*******
2020-11-15 20:26:58,264 [main] INFO QA-Testing - *******> As a user i can open any browser <*******
2020-11-15 20:27:06,580 [main] INFO QA-Testing - *******> As a user i can enter the url <*******
2020-11-15 20:27:06,582 [main] INFO QA-Testing - *******> As a user i can enter the username <*******
2020-11-15 20:27:06,818 [main] INFO QA-Testing - *******> As a user i can enter the password <*******
2020-11-15 20:27:06,979 [main] INFO QA-Testing - *******> As a user i can click on login button <*******
2020-11-15 20:27:10,109 [main] INFO QA-Testing - *******> As a user i can verify the homepage <*******
2020-11-15 20:27:10,202 [main] INFO QA-Testing - *******> As a user i can logout the application <*******
2020-11-15 20:27:11,805 [main] INFO QA-Testing - *******> As a user i can verify the login title <*******
2020-11-15 20:27:12,621 [main] INFO QA-Testing - *******> As a user i can open any browser <*******
2020-11-15 20:27:20,783 [main] INFO QA-Testing - *******> As a user i can enter the url <*******
2020-11-15 20:27:20,785 [main] INFO QA-Testing - *******> As a user i can enter the username <*******
2020-11-15 20:27:21,002 [main] INFO QA-Testing - *******> As a user i can enter the password <*******
2020-11-15 20:27:21,166 [main] INFO QA-Testing - *******> As a user i can click on login button <*******
2020-11-15 20:27:24,801 [main] INFO QA-Testing - *******> As a user i can verify the homepage <*******
2020-11-15 20:27:24,847 [main] INFO QA-Testing - *******> As a user i can logout the application <*******
2020-11-15 20:27:25,954 [main] INFO QA-Testing - *******> As a user i can verify the login title <*******
2020-11-15 20:29:20,313 [main] INFO QA-Testing - *******> As a user i can open any browser <*******
2020-11-15 20:29:28,284 [main] INFO QA-Testing - *******> As a user i can open any browser <*******
2020-11-15 20:32:59,303 [main] INFO QA-Testing - *******> As a user i can open any browser <*******
2020-11-15 20:32:59,326 [main] INFO QA-Testing - *******> As a user i can open any browser <*******
2020-11-15 20:37:11,375 [main] INFO QA-Testing - *******> As a user i can open any browser <*******
2020-11-15 20:37:11,399 [main] INFO QA-Testing - *******> As a user i can open any browser <*******
2020-11-15 20:41:44,340 [main] INFO QA-Testing - *******> As a user i can open any browser <*******
2020-11-15 20:41:44,362 [main] INFO QA-Testing - *******> As a user i can open any browser <*******
2020-11-15 20:42:59,260 [main] INFO QA-Testing - *******> As a user i can open any browser <*******
2020-11-15 20:42:59,283 [main] INFO QA-Testing - *******> As a user i can open any browser <*******
2020-11-15 20:43:50,996 [main] INFO QA-Testing - *******> As a user i can open any browser <*******
2020-11-15 20:43:51,020 [main] INFO QA-Testing - *******> As a user i can open any browser <*******
2020-11-15 22:15:25,025 [main] INFO QA-Testing - *******> As a user i can open any browser <*******
2020-11-15 22:15:25,141 [main] INFO QA-Testing - *******> As a user i can open any browser <*******
2020-11-15 22:16:02,275 [main] INFO QA-Testing - *******> As a user i can open any browser <*******
2020-11-15 22:16:02,306 [main] INFO QA-Testing - *******> As a user i can open any browser <*******
2020-11-15 22:19:03,938 [main] INFO QA-Testing - *******> As a user i can open any browser <*******
2020-11-15 22:19:03,965 [main] INFO QA-Testing - *******> As a user i can open any browser <*******
2020-11-15 22:29:18,305 [main] INFO QA-Testing - *******> As a user i can open any browser <*******
2020-11-15 22:29:18,330 [main] INFO QA-Testing - *******> As a user i can open any browser <*******
2020-11-17 14:20:37,317 [main] INFO QA-Testing - *******> As a user i can open any browser <*******
2020-11-17 14:20:37,373 [main] INFO QA-Testing - *******> As a user i can open any browser <*******
2020-11-17 14:23:50,613 [main] INFO QA-Testing - *******> As a user i can open any browser <*******
2020-11-17 14:24:03,658 [main] INFO QA-Testing - *******> As a user i can enter the url <*******
2020-11-17 14:24:05,643 [main] INFO QA-Testing - *******> As a user i can enter the username <*******
2020-11-17 14:24:05,900 [main] INFO QA-Testing - *******> As a user i can enter the password <*******
2020-11-17 14:24:06,071 [main] INFO QA-Testing - *******> As a user i can click on login button <*******
2020-11-17 14:24:09,924 [main] INFO QA-Testing - *******> As a user i can verify the homepage <*******
2020-11-17 14:24:10,044 [main] INFO QA-Testing - *******> As a user i can logout the application <*******
2020-11-17 14:24:11,231 [main] INFO QA-Testing - *******> As a user i can verify the login title <*******
2020-11-17 14:24:12,075 [main] INFO QA-Testing - *******> As a user i can open any browser <*******
2020-11-17 14:24:17,837 [main] INFO QA-Testing - *******> As a user i can enter the url <*******
2020-11-17 14:24:20,028 [main] INFO QA-Testing - *******> As a user i can enter the username <*******
2020-11-17 14:24:20,210 [main] INFO QA-Testing - *******> As a user i can enter the password <*******
2020-11-17 14:24:20,334 [main] INFO QA-Testing - *******> As a user i can click on login button <*******
2020-11-17 14:24:23,336 [main] INFO QA-Testing - *******> As a user i can verify the homepage <*******
2020-11-17 14:24:23,524 [main] INFO QA-Testing - *******> As a user i can logout the application <*******
2020-11-17 14:24:24,619 [main] INFO QA-Testing - *******> As a user i can verify the login title <*******
2020-11-17 14:30:28,121 [main] INFO QA-Testing - *******> As a user i can open any browser <*******
2020-11-17 14:30:28,144 [main] INFO QA-Testing - *******> As a user i can open any browser <*******
